<?xml version="1.0" encoding="UTF-8"?>
<!-- Generated by org.testng.reporters.JUnitReportReporter -->
<testsuite skipped="1" hostname="LAPTOP-4S0A1QDJ" name="com.creditacceptance.testRunner.testNGtestRunner$TestRunner" tests="1" failures="0" timestamp="10 Apr 2018 23:23:52 GMT" time="0.000" errors="0">
  <testcase name="feature" time="0.000" classname="com.creditacceptance.testRunner.testNGtestRunner$TestRunner">
    <skipped/>
  </testcase> <!-- feature -->
</testsuite> <!-- com.creditacceptance.testRunner.testNGtestRunner$TestRunner -->
